
  .   ____          _            __ _ _
 /\\ / ___'_ __ _ _(_)_ __  __ _ \ \ \ \
( ( )\___ | '_ | '_| | '_ \/ _` | \ \ \ \
 \\/  ___)| |_)| | | | | || (_| |  ) ) ) )
  '  |____| .__|_| |_|_| |_\__, | / / / /
 =========|_|==============|___/=/_/_/_/
 :: Spring Boot ::                (v3.2.5)

2026-07-02T10:36:13.103+08:00  INFO 1056 --- [meis-auth] [           main] com.meis.saas.boot.MeisAuthApplication   : Starting MeisAuthApplication using Java 17.0.12 with PID 1056 (E:\workspace\sb\meis-auth\target\meis-auth-1.0.0-SNAPSHOT.jar started by Administrator in E:\workspace\sb)
2026-07-02T10:36:13.105+08:00  INFO 1056 --- [meis-auth] [           main] com.meis.saas.boot.MeisAuthApplication   : The following 1 profile is active: "dev"
2026-07-02T10:36:14.302+08:00  INFO 1056 --- [meis-auth] [           main] .s.d.r.c.RepositoryConfigurationDelegate : Multiple Spring Data modules found, entering strict repository configuration mode
2026-07-02T10:36:14.304+08:00  INFO 1056 --- [meis-auth] [           main] .s.d.r.c.RepositoryConfigurationDelegate : Bootstrapping Spring Data Redis repositories in DEFAULT mode.
2026-07-02T10:36:14.317+08:00  INFO 1056 --- [meis-auth] [           main] .s.d.r.c.RepositoryConfigurationDelegate : Finished Spring Data repository scanning in 3 ms. Found 0 Redis repository interfaces.
2026-07-02T10:36:14.443+08:00  WARN 1056 --- [meis-auth] [           main] o.m.s.mapper.ClassPathMapperScanner      : No MyBatis mapper was found in '[com.meis.saas.boot]' package. Please check your configuration.
2026-07-02T10:36:14.528+08:00  INFO 1056 --- [meis-auth] [           main] o.s.cloud.context.scope.GenericScope     : BeanFactory id=9e647576-0010-36ad-8866-5decf24dcde9
2026-07-02T10:36:15.688+08:00  INFO 1056 --- [meis-auth] [           main] o.s.b.w.embedded.tomcat.TomcatWebServer  : Tomcat initialized with port 8081 (http)
2026-07-02T10:36:15.700+08:00  INFO 1056 --- [meis-auth] [           main] o.apache.catalina.core.StandardService   : Starting service [Tomcat]
2026-07-02T10:36:15.701+08:00  INFO 1056 --- [meis-auth] [           main] o.apache.catalina.core.StandardEngine    : Starting Servlet engine: [Apache Tomcat/10.1.20]
2026-07-02T10:36:15.784+08:00  INFO 1056 --- [meis-auth] [           main] o.a.c.c.C.[Tomcat].[localhost].[/]       : Initializing Spring embedded WebApplicationContext
2026-07-02T10:36:15.785+08:00  INFO 1056 --- [meis-auth] [           main] w.s.c.ServletWebServerApplicationContext : Root WebApplicationContext: initialization completed in 2600 ms
 _ _   |_  _ _|_. ___ _ |    _ 
| | |\/|_)(_| | |_\  |_)||_|_\ 
     /               |         
                        3.5.5 
2026-07-02T10:36:19.274+08:00  INFO 1056 --- [meis-auth] [           main] o.s.b.a.e.web.EndpointLinksResolver      : Exposing 2 endpoint(s) beneath base path '/actuator'
2026-07-02T10:36:19.461+08:00  INFO 1056 --- [meis-auth] [           main] o.s.b.w.embedded.tomcat.TomcatWebServer  : Tomcat started on port 8081 (http) with context path ''
2026-07-02T10:36:19.713+08:00  INFO 1056 --- [meis-auth] [           main] com.meis.saas.boot.MeisAuthApplication   : Started MeisAuthApplication in 7.119 seconds (process running for 7.496)
2026-07-02T10:38:32.461+08:00  INFO 1056 --- [meis-auth] [nio-8081-exec-5] o.a.c.c.C.[Tomcat].[localhost].[/]       : Initializing Spring DispatcherServlet 'dispatcherServlet'
2026-07-02T10:38:32.461+08:00  INFO 1056 --- [meis-auth] [nio-8081-exec-5] o.s.web.servlet.DispatcherServlet        : Initializing Servlet 'dispatcherServlet'
2026-07-02T10:38:32.463+08:00  INFO 1056 --- [meis-auth] [nio-8081-exec-5] o.s.web.servlet.DispatcherServlet        : Completed initialization in 1 ms
2026-07-02T10:38:32.545+08:00  INFO 1056 --- [meis-auth] [nio-8081-exec-5] com.zaxxer.hikari.HikariDataSource       : HikariPool-1 - Starting...
2026-07-02T10:38:32.707+08:00  INFO 1056 --- [meis-auth] [nio-8081-exec-5] com.zaxxer.hikari.pool.HikariPool        : HikariPool-1 - Added connection org.postgresql.jdbc.PgConnection@3489766d
2026-07-02T10:38:32.709+08:00  INFO 1056 --- [meis-auth] [nio-8081-exec-5] com.zaxxer.hikari.HikariDataSource       : HikariPool-1 - Start completed.
