
  .   ____          _            __ _ _
 /\\ / ___'_ __ _ _(_)_ __  __ _ \ \ \ \
( ( )\___ | '_ | '_| | '_ \/ _` | \ \ \ \
 \\/  ___)| |_)| | | | | || (_| |  ) ) ) )
  '  |____| .__|_| |_|_| |_\__, | / / / /
 =========|_|==============|___/=/_/_/_/
 :: Spring Boot ::                (v3.2.5)

2026-07-06T10:19:43.786+08:00  INFO 26852 --- [meis-analytics] [           main] c.m.saas.boot.MeisAnalyticsApplication   : Starting MeisAnalyticsApplication using Java 17.0.12 with PID 26852 (E:\workspace\sb\meis-analytics\target\meis-analytics-1.0.0-SNAPSHOT.jar started by Administrator in E:\workspace\sb)
2026-07-06T10:19:43.807+08:00  INFO 26852 --- [meis-analytics] [           main] c.m.saas.boot.MeisAnalyticsApplication   : The following 1 profile is active: "dev"
2026-07-06T10:19:46.429+08:00  INFO 26852 --- [meis-analytics] [           main] .s.d.r.c.RepositoryConfigurationDelegate : Multiple Spring Data modules found, entering strict repository configuration mode
2026-07-06T10:19:46.433+08:00  INFO 26852 --- [meis-analytics] [           main] .s.d.r.c.RepositoryConfigurationDelegate : Bootstrapping Spring Data Redis repositories in DEFAULT mode.
2026-07-06T10:19:46.457+08:00  INFO 26852 --- [meis-analytics] [           main] .s.d.r.c.RepositoryConfigurationDelegate : Finished Spring Data repository scanning in 4 ms. Found 0 Redis repository interfaces.
2026-07-06T10:19:46.810+08:00  WARN 26852 --- [meis-analytics] [           main] o.m.s.mapper.ClassPathMapperScanner      : No MyBatis mapper was found in '[com.meis.saas.boot]' package. Please check your configuration.
2026-07-06T10:19:46.992+08:00  INFO 26852 --- [meis-analytics] [           main] o.s.cloud.context.scope.GenericScope     : BeanFactory id=aa980638-d781-3522-be7f-28a126ad06fc
2026-07-06T10:19:51.531+08:00  INFO 26852 --- [meis-analytics] [           main] o.s.b.w.embedded.tomcat.TomcatWebServer  : Tomcat initialized with port 8091 (http)
2026-07-06T10:19:51.553+08:00  INFO 26852 --- [meis-analytics] [           main] o.apache.catalina.core.StandardService   : Starting service [Tomcat]
2026-07-06T10:19:51.553+08:00  INFO 26852 --- [meis-analytics] [           main] o.apache.catalina.core.StandardEngine    : Starting Servlet engine: [Apache Tomcat/10.1.20]
2026-07-06T10:19:51.635+08:00  INFO 26852 --- [meis-analytics] [           main] o.a.c.c.C.[Tomcat].[localhost].[/]       : Initializing Spring embedded WebApplicationContext
2026-07-06T10:19:51.637+08:00  INFO 26852 --- [meis-analytics] [           main] w.s.c.ServletWebServerApplicationContext : Root WebApplicationContext: initialization completed in 7570 ms
 _ _   |_  _ _|_. ___ _ |    _ 
| | |\/|_)(_| | |_\  |_)||_|_\ 
     /               |         
                        3.5.5 
2026-07-06T10:19:58.378+08:00  INFO 26852 --- [meis-analytics] [           main] o.s.b.a.e.web.EndpointLinksResolver      : Exposing 2 endpoint(s) beneath base path '/actuator'
2026-07-06T10:19:58.479+08:00  INFO 26852 --- [meis-analytics] [           main] o.s.b.w.embedded.tomcat.TomcatWebServer  : Tomcat started on port 8091 (http) with context path ''
2026-07-06T10:19:58.641+08:00  INFO 26852 --- [meis-analytics] [           main] c.m.saas.boot.MeisAnalyticsApplication   : Started MeisAnalyticsApplication in 19.232 seconds (process running for 21.317)
