
  .   ____          _            __ _ _
 /\\ / ___'_ __ _ _(_)_ __  __ _ \ \ \ \
( ( )\___ | '_ | '_| | '_ \/ _` | \ \ \ \
 \\/  ___)| |_)| | | | | || (_| |  ) ) ) )
  '  |____| .__|_| |_|_| |_\__, | / / / /
 =========|_|==============|___/=/_/_/_/
 :: Spring Boot ::                (v3.2.5)

<<<<<<< HEAD
2026-07-03T15:51:37.466+08:00  INFO 39640 --- [meis-qc] [           main] com.meis.saas.boot.MeisQcApplication     : Starting MeisQcApplication using Java 17.0.18 with PID 39640 (E:\workspace\sb\meis-qc\target\meis-qc-1.0.0-SNAPSHOT.jar started by Administrator in E:\workspace\sb)
2026-07-03T15:51:37.476+08:00  INFO 39640 --- [meis-qc] [           main] com.meis.saas.boot.MeisQcApplication     : The following 1 profile is active: "dev"
2026-07-03T15:51:52.975+08:00  INFO 39640 --- [meis-qc] [           main] .s.d.r.c.RepositoryConfigurationDelegate : Multiple Spring Data modules found, entering strict repository configuration mode
2026-07-03T15:51:52.983+08:00  INFO 39640 --- [meis-qc] [           main] .s.d.r.c.RepositoryConfigurationDelegate : Bootstrapping Spring Data Redis repositories in DEFAULT mode.
2026-07-03T15:51:56.058+08:00  INFO 39640 --- [meis-qc] [           main] .s.d.r.c.RepositoryConfigurationDelegate : Finished Spring Data repository scanning in 16 ms. Found 0 Redis repository interfaces.
2026-07-03T15:51:58.623+08:00  WARN 39640 --- [meis-qc] [           main] o.m.s.mapper.ClassPathMapperScanner      : No MyBatis mapper was found in '[com.meis.saas.boot]' package. Please check your configuration.
2026-07-03T15:51:59.005+08:00  INFO 39640 --- [meis-qc] [           main] o.s.cloud.context.scope.GenericScope     : BeanFactory id=e1f72239-68d3-355b-8223-89377082cfcf
2026-07-03T15:52:08.911+08:00  INFO 39640 --- [meis-qc] [           main] o.s.b.w.embedded.tomcat.TomcatWebServer  : Tomcat initialized with port 8088 (http)
2026-07-03T15:52:08.955+08:00  INFO 39640 --- [meis-qc] [           main] o.apache.catalina.core.StandardService   : Starting service [Tomcat]
2026-07-03T15:52:08.955+08:00  INFO 39640 --- [meis-qc] [           main] o.apache.catalina.core.StandardEngine    : Starting Servlet engine: [Apache Tomcat/10.1.20]
2026-07-03T15:52:11.102+08:00  INFO 39640 --- [meis-qc] [           main] o.a.c.c.C.[Tomcat].[localhost].[/]       : Initializing Spring embedded WebApplicationContext
2026-07-03T15:52:11.108+08:00  INFO 39640 --- [meis-qc] [           main] w.s.c.ServletWebServerApplicationContext : Root WebApplicationContext: initialization completed in 33443 ms
=======
2026-07-06T10:19:36.212+08:00  INFO 21848 --- [meis-qc] [           main] com.meis.saas.boot.MeisQcApplication     : Starting MeisQcApplication using Java 17.0.12 with PID 21848 (E:\workspace\sb\meis-qc\target\meis-qc-1.0.0-SNAPSHOT.jar started by Administrator in E:\workspace\sb)
2026-07-06T10:19:36.217+08:00  INFO 21848 --- [meis-qc] [           main] com.meis.saas.boot.MeisQcApplication     : The following 1 profile is active: "dev"
2026-07-06T10:19:39.003+08:00  INFO 21848 --- [meis-qc] [           main] .s.d.r.c.RepositoryConfigurationDelegate : Multiple Spring Data modules found, entering strict repository configuration mode
2026-07-06T10:19:39.006+08:00  INFO 21848 --- [meis-qc] [           main] .s.d.r.c.RepositoryConfigurationDelegate : Bootstrapping Spring Data Redis repositories in DEFAULT mode.
2026-07-06T10:19:39.031+08:00  INFO 21848 --- [meis-qc] [           main] .s.d.r.c.RepositoryConfigurationDelegate : Finished Spring Data repository scanning in 11 ms. Found 0 Redis repository interfaces.
2026-07-06T10:19:39.469+08:00  WARN 21848 --- [meis-qc] [           main] o.m.s.mapper.ClassPathMapperScanner      : No MyBatis mapper was found in '[com.meis.saas.boot]' package. Please check your configuration.
2026-07-06T10:19:39.567+08:00  INFO 21848 --- [meis-qc] [           main] o.s.cloud.context.scope.GenericScope     : BeanFactory id=e1f72239-68d3-355b-8223-89377082cfcf
2026-07-06T10:19:45.196+08:00  INFO 21848 --- [meis-qc] [           main] o.s.b.w.embedded.tomcat.TomcatWebServer  : Tomcat initialized with port 8088 (http)
2026-07-06T10:19:45.216+08:00  INFO 21848 --- [meis-qc] [           main] o.apache.catalina.core.StandardService   : Starting service [Tomcat]
2026-07-06T10:19:45.217+08:00  INFO 21848 --- [meis-qc] [           main] o.apache.catalina.core.StandardEngine    : Starting Servlet engine: [Apache Tomcat/10.1.20]
2026-07-06T10:19:45.323+08:00  INFO 21848 --- [meis-qc] [           main] o.a.c.c.C.[Tomcat].[localhost].[/]       : Initializing Spring embedded WebApplicationContext
2026-07-06T10:19:45.328+08:00  INFO 21848 --- [meis-qc] [           main] w.s.c.ServletWebServerApplicationContext : Root WebApplicationContext: initialization completed in 9065 ms
>>>>>>> 475840a7cb337ab27739aa9936c88bb7ae3a7ae5
 _ _   |_  _ _|_. ___ _ |    _ 
| | |\/|_)(_| | |_\  |_)||_|_\ 
     /               |         
                        3.5.5 
<<<<<<< HEAD
2026-07-03T15:52:35.789+08:00  INFO 39640 --- [meis-qc] [           main] o.s.b.a.e.web.EndpointLinksResolver      : Exposing 2 endpoint(s) beneath base path '/actuator'
2026-07-03T15:52:36.267+08:00  INFO 39640 --- [meis-qc] [           main] o.s.b.w.embedded.tomcat.TomcatWebServer  : Tomcat started on port 8088 (http) with context path ''
2026-07-03T15:52:36.898+08:00  INFO 39640 --- [meis-qc] [           main] com.meis.saas.boot.MeisQcApplication     : Started MeisQcApplication in 61.02 seconds (process running for 62.568)
=======
2026-07-06T10:19:54.111+08:00  INFO 21848 --- [meis-qc] [           main] o.s.b.a.e.web.EndpointLinksResolver      : Exposing 2 endpoint(s) beneath base path '/actuator'
2026-07-06T10:19:54.813+08:00  INFO 21848 --- [meis-qc] [           main] o.s.b.w.embedded.tomcat.TomcatWebServer  : Tomcat started on port 8088 (http) with context path ''
2026-07-06T10:19:55.608+08:00  INFO 21848 --- [meis-qc] [           main] com.meis.saas.boot.MeisQcApplication     : Started MeisQcApplication in 22.114 seconds (process running for 23.447)
>>>>>>> 475840a7cb337ab27739aa9936c88bb7ae3a7ae5
