
  .   ____          _            __ _ _
 /\\ / ___'_ __ _ _(_)_ __  __ _ \ \ \ \
( ( )\___ | '_ | '_| | '_ \/ _` | \ \ \ \
 \\/  ___)| |_)| | | | | || (_| |  ) ) ) )
  '  |____| .__|_| |_|_| |_\__, | / / / /
 =========|_|==============|___/=/_/_/_/
 :: Spring Boot ::                (v3.2.5)

<<<<<<< HEAD
2026-07-03T15:51:29.531+08:00  INFO 39844 --- [meis-system] [           main] c.meis.saas.boot.MeisSystemApplication   : Starting MeisSystemApplication using Java 17.0.18 with PID 39844 (E:\workspace\sb\meis-system\target\meis-system-1.0.0-SNAPSHOT.jar started by Administrator in E:\workspace\sb)
2026-07-03T15:51:29.537+08:00  INFO 39844 --- [meis-system] [           main] c.meis.saas.boot.MeisSystemApplication   : The following 1 profile is active: "dev"
2026-07-03T15:51:36.852+08:00  INFO 39844 --- [meis-system] [           main] .s.d.r.c.RepositoryConfigurationDelegate : Multiple Spring Data modules found, entering strict repository configuration mode
2026-07-03T15:51:36.858+08:00  INFO 39844 --- [meis-system] [           main] .s.d.r.c.RepositoryConfigurationDelegate : Bootstrapping Spring Data Redis repositories in DEFAULT mode.
2026-07-03T15:51:36.958+08:00  INFO 39844 --- [meis-system] [           main] .s.d.r.c.RepositoryConfigurationDelegate : Finished Spring Data repository scanning in 8 ms. Found 0 Redis repository interfaces.
2026-07-03T15:51:38.945+08:00  WARN 39844 --- [meis-system] [           main] o.m.s.mapper.ClassPathMapperScanner      : No MyBatis mapper was found in '[com.meis.saas.boot]' package. Please check your configuration.
2026-07-03T15:51:39.199+08:00  INFO 39844 --- [meis-system] [           main] o.s.cloud.context.scope.GenericScope     : BeanFactory id=63b1b282-3779-3672-a729-e5fc13b6f77a
2026-07-03T15:51:57.178+08:00  INFO 39844 --- [meis-system] [           main] o.s.b.w.embedded.tomcat.TomcatWebServer  : Tomcat initialized with port 8083 (http)
2026-07-03T15:51:57.220+08:00  INFO 39844 --- [meis-system] [           main] o.apache.catalina.core.StandardService   : Starting service [Tomcat]
2026-07-03T15:51:57.230+08:00  INFO 39844 --- [meis-system] [           main] o.apache.catalina.core.StandardEngine    : Starting Servlet engine: [Apache Tomcat/10.1.20]
2026-07-03T15:51:57.538+08:00  INFO 39844 --- [meis-system] [           main] o.a.c.c.C.[Tomcat].[localhost].[/]       : Initializing Spring embedded WebApplicationContext
2026-07-03T15:51:57.550+08:00  INFO 39844 --- [meis-system] [           main] w.s.c.ServletWebServerApplicationContext : Root WebApplicationContext: initialization completed in 27758 ms
=======
2026-07-06T10:19:27.651+08:00  INFO 11232 --- [meis-system] [           main] c.meis.saas.boot.MeisSystemApplication   : Starting MeisSystemApplication using Java 17.0.12 with PID 11232 (E:\workspace\sb\meis-system\target\meis-system-1.0.0-SNAPSHOT.jar started by Administrator in E:\workspace\sb)
2026-07-06T10:19:27.655+08:00  INFO 11232 --- [meis-system] [           main] c.meis.saas.boot.MeisSystemApplication   : The following 1 profile is active: "dev"
2026-07-06T10:19:30.028+08:00  INFO 11232 --- [meis-system] [           main] .s.d.r.c.RepositoryConfigurationDelegate : Multiple Spring Data modules found, entering strict repository configuration mode
2026-07-06T10:19:30.031+08:00  INFO 11232 --- [meis-system] [           main] .s.d.r.c.RepositoryConfigurationDelegate : Bootstrapping Spring Data Redis repositories in DEFAULT mode.
2026-07-06T10:19:30.060+08:00  INFO 11232 --- [meis-system] [           main] .s.d.r.c.RepositoryConfigurationDelegate : Finished Spring Data repository scanning in 3 ms. Found 0 Redis repository interfaces.
2026-07-06T10:19:30.236+08:00  WARN 11232 --- [meis-system] [           main] o.m.s.mapper.ClassPathMapperScanner      : No MyBatis mapper was found in '[com.meis.saas.boot]' package. Please check your configuration.
2026-07-06T10:19:30.345+08:00  INFO 11232 --- [meis-system] [           main] o.s.cloud.context.scope.GenericScope     : BeanFactory id=63b1b282-3779-3672-a729-e5fc13b6f77a
2026-07-06T10:19:31.522+08:00  INFO 11232 --- [meis-system] [           main] o.s.b.w.embedded.tomcat.TomcatWebServer  : Tomcat initialized with port 8083 (http)
2026-07-06T10:19:31.535+08:00  INFO 11232 --- [meis-system] [           main] o.apache.catalina.core.StandardService   : Starting service [Tomcat]
2026-07-06T10:19:31.535+08:00  INFO 11232 --- [meis-system] [           main] o.apache.catalina.core.StandardEngine    : Starting Servlet engine: [Apache Tomcat/10.1.20]
2026-07-06T10:19:31.621+08:00  INFO 11232 --- [meis-system] [           main] o.a.c.c.C.[Tomcat].[localhost].[/]       : Initializing Spring embedded WebApplicationContext
2026-07-06T10:19:31.623+08:00  INFO 11232 --- [meis-system] [           main] w.s.c.ServletWebServerApplicationContext : Root WebApplicationContext: initialization completed in 3778 ms
>>>>>>> 475840a7cb337ab27739aa9936c88bb7ae3a7ae5
 _ _   |_  _ _|_. ___ _ |    _ 
| | |\/|_)(_| | |_\  |_)||_|_\ 
     /               |         
                        3.5.5 
<<<<<<< HEAD
2026-07-03T15:52:27.109+08:00  INFO 39844 --- [meis-system] [           main] o.s.b.a.e.web.EndpointLinksResolver      : Exposing 2 endpoint(s) beneath base path '/actuator'
2026-07-03T15:52:27.307+08:00  INFO 39844 --- [meis-system] [           main] o.s.b.w.embedded.tomcat.TomcatWebServer  : Tomcat started on port 8083 (http) with context path ''
2026-07-03T15:52:27.574+08:00  INFO 39844 --- [meis-system] [           main] c.meis.saas.boot.MeisSystemApplication   : Started MeisSystemApplication in 59.752 seconds (process running for 60.69)
2026-07-03T16:51:08.139+08:00  INFO 39844 --- [meis-system] [nio-8083-exec-3] o.a.c.c.C.[Tomcat].[localhost].[/]       : Initializing Spring DispatcherServlet 'dispatcherServlet'
2026-07-03T16:51:08.146+08:00  INFO 39844 --- [meis-system] [nio-8083-exec-3] o.s.web.servlet.DispatcherServlet        : Initializing Servlet 'dispatcherServlet'
2026-07-03T16:51:08.164+08:00  INFO 39844 --- [meis-system] [nio-8083-exec-3] o.s.web.servlet.DispatcherServlet        : Completed initialization in 17 ms
2026-07-03T16:51:08.363+08:00  INFO 39844 --- [meis-system] [nio-8083-exec-3] com.zaxxer.hikari.HikariDataSource       : HikariPool-1 - Starting...
2026-07-03T16:51:08.801+08:00  INFO 39844 --- [meis-system] [nio-8083-exec-3] com.zaxxer.hikari.pool.HikariPool        : HikariPool-1 - Added connection org.postgresql.jdbc.PgConnection@3df1dcff
2026-07-03T16:51:08.812+08:00  INFO 39844 --- [meis-system] [nio-8083-exec-3] com.zaxxer.hikari.HikariDataSource       : HikariPool-1 - Start completed.
=======
2026-07-06T10:19:43.512+08:00  INFO 11232 --- [meis-system] [           main] o.s.b.a.e.web.EndpointLinksResolver      : Exposing 2 endpoint(s) beneath base path '/actuator'
2026-07-06T10:19:43.953+08:00  INFO 11232 --- [meis-system] [           main] o.s.b.w.embedded.tomcat.TomcatWebServer  : Tomcat started on port 8083 (http) with context path ''
2026-07-06T10:19:45.324+08:00  INFO 11232 --- [meis-system] [           main] c.meis.saas.boot.MeisSystemApplication   : Started MeisSystemApplication in 18.401 seconds (process running for 18.955)
2026-07-06T10:23:30.563+08:00  INFO 11232 --- [meis-system] [nio-8083-exec-3] o.a.c.c.C.[Tomcat].[localhost].[/]       : Initializing Spring DispatcherServlet 'dispatcherServlet'
2026-07-06T10:23:30.572+08:00  INFO 11232 --- [meis-system] [nio-8083-exec-3] o.s.web.servlet.DispatcherServlet        : Initializing Servlet 'dispatcherServlet'
2026-07-06T10:23:30.574+08:00  INFO 11232 --- [meis-system] [nio-8083-exec-3] o.s.web.servlet.DispatcherServlet        : Completed initialization in 1 ms
2026-07-06T10:23:30.829+08:00  INFO 11232 --- [meis-system] [nio-8083-exec-3] com.zaxxer.hikari.HikariDataSource       : HikariPool-1 - Starting...
2026-07-06T10:23:31.217+08:00  INFO 11232 --- [meis-system] [nio-8083-exec-3] com.zaxxer.hikari.pool.HikariPool        : HikariPool-1 - Added connection org.postgresql.jdbc.PgConnection@7787b747
2026-07-06T10:23:31.225+08:00  INFO 11232 --- [meis-system] [nio-8083-exec-3] com.zaxxer.hikari.HikariDataSource       : HikariPool-1 - Start completed.
>>>>>>> 475840a7cb337ab27739aa9936c88bb7ae3a7ae5
