
  .   ____          _            __ _ _
 /\\ / ___'_ __ _ _(_)_ __  __ _ \ \ \ \
( ( )\___ | '_ | '_| | '_ \/ _` | \ \ \ \
 \\/  ___)| |_)| | | | | || (_| |  ) ) ) )
  '  |____| .__|_| |_|_| |_\__, | / / / /
 =========|_|==============|___/=/_/_/_/
 :: Spring Boot ::                (v3.2.5)

<<<<<<< HEAD
2026-07-03T15:51:36.693+08:00  INFO 18232 --- [meis-maintain] [           main] c.m.saas.boot.MeisMaintainApplication    : Starting MeisMaintainApplication using Java 17.0.18 with PID 18232 (E:\workspace\sb\meis-maintain\target\meis-maintain-1.0.0-SNAPSHOT.jar started by Administrator in E:\workspace\sb)
2026-07-03T15:51:36.697+08:00  INFO 18232 --- [meis-maintain] [           main] c.m.saas.boot.MeisMaintainApplication    : The following 1 profile is active: "dev"
2026-07-03T15:51:59.613+08:00  INFO 18232 --- [meis-maintain] [           main] .s.d.r.c.RepositoryConfigurationDelegate : Multiple Spring Data modules found, entering strict repository configuration mode
2026-07-03T15:51:59.632+08:00  INFO 18232 --- [meis-maintain] [           main] .s.d.r.c.RepositoryConfigurationDelegate : Bootstrapping Spring Data Redis repositories in DEFAULT mode.
2026-07-03T15:52:00.373+08:00  INFO 18232 --- [meis-maintain] [           main] .s.d.r.c.RepositoryConfigurationDelegate : Finished Spring Data repository scanning in 672 ms. Found 0 Redis repository interfaces.
2026-07-03T15:52:01.139+08:00  WARN 18232 --- [meis-maintain] [           main] o.m.s.mapper.ClassPathMapperScanner      : No MyBatis mapper was found in '[com.meis.saas.boot]' package. Please check your configuration.
2026-07-03T15:52:01.418+08:00  INFO 18232 --- [meis-maintain] [           main] o.s.cloud.context.scope.GenericScope     : BeanFactory id=624ef407-f181-38c9-8b7c-31c75db435a3
2026-07-03T15:52:08.583+08:00  INFO 18232 --- [meis-maintain] [           main] o.s.b.w.embedded.tomcat.TomcatWebServer  : Tomcat initialized with port 8087 (http)
2026-07-03T15:52:08.613+08:00  INFO 18232 --- [meis-maintain] [           main] o.apache.catalina.core.StandardService   : Starting service [Tomcat]
2026-07-03T15:52:08.615+08:00  INFO 18232 --- [meis-maintain] [           main] o.apache.catalina.core.StandardEngine    : Starting Servlet engine: [Apache Tomcat/10.1.20]
2026-07-03T15:52:08.875+08:00  INFO 18232 --- [meis-maintain] [           main] o.a.c.c.C.[Tomcat].[localhost].[/]       : Initializing Spring embedded WebApplicationContext
2026-07-03T15:52:08.877+08:00  INFO 18232 --- [meis-maintain] [           main] w.s.c.ServletWebServerApplicationContext : Root WebApplicationContext: initialization completed in 31856 ms
=======
2026-07-06T10:19:33.224+08:00  INFO 13472 --- [meis-maintain] [           main] c.m.saas.boot.MeisMaintainApplication    : Starting MeisMaintainApplication using Java 17.0.12 with PID 13472 (E:\workspace\sb\meis-maintain\target\meis-maintain-1.0.0-SNAPSHOT.jar started by Administrator in E:\workspace\sb)
2026-07-06T10:19:33.236+08:00  INFO 13472 --- [meis-maintain] [           main] c.m.saas.boot.MeisMaintainApplication    : The following 1 profile is active: "dev"
2026-07-06T10:19:36.220+08:00  INFO 13472 --- [meis-maintain] [           main] .s.d.r.c.RepositoryConfigurationDelegate : Multiple Spring Data modules found, entering strict repository configuration mode
2026-07-06T10:19:36.243+08:00  INFO 13472 --- [meis-maintain] [           main] .s.d.r.c.RepositoryConfigurationDelegate : Bootstrapping Spring Data Redis repositories in DEFAULT mode.
2026-07-06T10:19:36.292+08:00  INFO 13472 --- [meis-maintain] [           main] .s.d.r.c.RepositoryConfigurationDelegate : Finished Spring Data repository scanning in 34 ms. Found 0 Redis repository interfaces.
2026-07-06T10:19:36.815+08:00  WARN 13472 --- [meis-maintain] [           main] o.m.s.mapper.ClassPathMapperScanner      : No MyBatis mapper was found in '[com.meis.saas.boot]' package. Please check your configuration.
2026-07-06T10:19:37.009+08:00  INFO 13472 --- [meis-maintain] [           main] o.s.cloud.context.scope.GenericScope     : BeanFactory id=624ef407-f181-38c9-8b7c-31c75db435a3
2026-07-06T10:19:42.653+08:00  INFO 13472 --- [meis-maintain] [           main] o.s.b.w.embedded.tomcat.TomcatWebServer  : Tomcat initialized with port 8087 (http)
2026-07-06T10:19:42.699+08:00  INFO 13472 --- [meis-maintain] [           main] o.apache.catalina.core.StandardService   : Starting service [Tomcat]
2026-07-06T10:19:42.705+08:00  INFO 13472 --- [meis-maintain] [           main] o.apache.catalina.core.StandardEngine    : Starting Servlet engine: [Apache Tomcat/10.1.20]
2026-07-06T10:19:42.854+08:00  INFO 13472 --- [meis-maintain] [           main] o.a.c.c.C.[Tomcat].[localhost].[/]       : Initializing Spring embedded WebApplicationContext
2026-07-06T10:19:42.856+08:00  INFO 13472 --- [meis-maintain] [           main] w.s.c.ServletWebServerApplicationContext : Root WebApplicationContext: initialization completed in 9519 ms
>>>>>>> 475840a7cb337ab27739aa9936c88bb7ae3a7ae5
 _ _   |_  _ _|_. ___ _ |    _ 
| | |\/|_)(_| | |_\  |_)||_|_\ 
     /               |         
                        3.5.5 
<<<<<<< HEAD
2026-07-03T15:52:26.262+08:00  INFO 18232 --- [meis-maintain] [           main] o.s.b.a.e.web.EndpointLinksResolver      : Exposing 2 endpoint(s) beneath base path '/actuator'
2026-07-03T15:52:26.472+08:00  INFO 18232 --- [meis-maintain] [           main] o.s.b.w.embedded.tomcat.TomcatWebServer  : Tomcat started on port 8087 (http) with context path ''
2026-07-03T15:52:27.181+08:00  INFO 18232 --- [meis-maintain] [           main] c.m.saas.boot.MeisMaintainApplication    : Started MeisMaintainApplication in 53.414 seconds (process running for 54.979)
=======
2026-07-06T10:19:49.615+08:00  INFO 13472 --- [meis-maintain] [           main] o.s.b.a.e.web.EndpointLinksResolver      : Exposing 2 endpoint(s) beneath base path '/actuator'
2026-07-06T10:19:49.681+08:00  INFO 13472 --- [meis-maintain] [           main] o.s.b.w.embedded.tomcat.TomcatWebServer  : Tomcat started on port 8087 (http) with context path ''
2026-07-06T10:19:49.812+08:00  INFO 13472 --- [meis-maintain] [           main] c.m.saas.boot.MeisMaintainApplication    : Started MeisMaintainApplication in 18.291 seconds (process running for 19.118)
>>>>>>> 475840a7cb337ab27739aa9936c88bb7ae3a7ae5
