
  .   ____          _            __ _ _
 /\\ / ___'_ __ _ _(_)_ __  __ _ \ \ \ \
( ( )\___ | '_ | '_| | '_ \/ _` | \ \ \ \
 \\/  ___)| |_)| | | | | || (_| |  ) ) ) )
  '  |____| .__|_| |_|_| |_\__, | / / / /
 =========|_|==============|___/=/_/_/_/
 :: Spring Boot ::                (v3.2.5)

2026-07-02T10:36:16.004+08:00  INFO 11540 --- [meis-purchase] [           main] c.m.saas.boot.MeisPurchaseApplication    : Starting MeisPurchaseApplication using Java 17.0.12 with PID 11540 (E:\workspace\sb\meis-purchase\target\meis-purchase-1.0.0-SNAPSHOT.jar started by Administrator in E:\workspace\sb)
2026-07-02T10:36:16.007+08:00  INFO 11540 --- [meis-purchase] [           main] c.m.saas.boot.MeisPurchaseApplication    : The following 1 profile is active: "dev"
2026-07-02T10:36:18.739+08:00  INFO 11540 --- [meis-purchase] [           main] .s.d.r.c.RepositoryConfigurationDelegate : Multiple Spring Data modules found, entering strict repository configuration mode
2026-07-02T10:36:18.742+08:00  INFO 11540 --- [meis-purchase] [           main] .s.d.r.c.RepositoryConfigurationDelegate : Bootstrapping Spring Data Redis repositories in DEFAULT mode.
2026-07-02T10:36:18.757+08:00  INFO 11540 --- [meis-purchase] [           main] .s.d.r.c.RepositoryConfigurationDelegate : Finished Spring Data repository scanning in 3 ms. Found 0 Redis repository interfaces.
2026-07-02T10:36:18.930+08:00  WARN 11540 --- [meis-purchase] [           main] o.m.s.mapper.ClassPathMapperScanner      : No MyBatis mapper was found in '[com.meis.saas.boot]' package. Please check your configuration.
2026-07-02T10:36:19.037+08:00  INFO 11540 --- [meis-purchase] [           main] o.s.cloud.context.scope.GenericScope     : BeanFactory id=7d742ca2-3482-39bc-95a3-f0fd27a2e474
2026-07-02T10:36:21.137+08:00  INFO 11540 --- [meis-purchase] [           main] o.s.b.w.embedded.tomcat.TomcatWebServer  : Tomcat initialized with port 8084 (http)
2026-07-02T10:36:21.149+08:00  INFO 11540 --- [meis-purchase] [           main] o.apache.catalina.core.StandardService   : Starting service [Tomcat]
2026-07-02T10:36:21.149+08:00  INFO 11540 --- [meis-purchase] [           main] o.apache.catalina.core.StandardEngine    : Starting Servlet engine: [Apache Tomcat/10.1.20]
2026-07-02T10:36:21.201+08:00  INFO 11540 --- [meis-purchase] [           main] o.a.c.c.C.[Tomcat].[localhost].[/]       : Initializing Spring embedded WebApplicationContext
2026-07-02T10:36:21.204+08:00  INFO 11540 --- [meis-purchase] [           main] w.s.c.ServletWebServerApplicationContext : Root WebApplicationContext: initialization completed in 4961 ms
 _ _   |_  _ _|_. ___ _ |    _ 
| | |\/|_)(_| | |_\  |_)||_|_\ 
     /               |         
                        3.5.5 
2026-07-02T10:36:34.074+08:00  INFO 11540 --- [meis-purchase] [           main] o.s.b.a.e.web.EndpointLinksResolver      : Exposing 2 endpoint(s) beneath base path '/actuator'
2026-07-02T10:36:34.352+08:00  INFO 11540 --- [meis-purchase] [           main] o.s.b.w.embedded.tomcat.TomcatWebServer  : Tomcat started on port 8084 (http) with context path ''
2026-07-02T10:36:34.953+08:00  INFO 11540 --- [meis-purchase] [           main] c.m.saas.boot.MeisPurchaseApplication    : Started MeisPurchaseApplication in 19.988 seconds (process running for 20.633)
