
  .   ____          _            __ _ _
 /\\ / ___'_ __ _ _(_)_ __  __ _ \ \ \ \
( ( )\___ | '_ | '_| | '_ \/ _` | \ \ \ \
 \\/  ___)| |_)| | | | | || (_| |  ) ) ) )
  '  |____| .__|_| |_|_| |_\__, | / / / /
 =========|_|==============|___/=/_/_/_/
 :: Spring Boot ::                (v3.2.5)

2026-07-03T16:49:53.678+08:00  INFO 29832 --- [meis-tenant] [           main] c.meis.saas.boot.MeisTenantApplication   : Starting MeisTenantApplication using Java 17.0.18 with PID 29832 (E:\workspace\sb\meis-tenant\target\meis-tenant-1.0.0-SNAPSHOT.jar started by Administrator in E:\workspace\sb)
2026-07-03T16:49:53.689+08:00  INFO 29832 --- [meis-tenant] [           main] c.meis.saas.boot.MeisTenantApplication   : The following 1 profile is active: "dev"
2026-07-03T16:49:56.449+08:00  INFO 29832 --- [meis-tenant] [           main] .s.d.r.c.RepositoryConfigurationDelegate : Multiple Spring Data modules found, entering strict repository configuration mode
2026-07-03T16:49:56.454+08:00  INFO 29832 --- [meis-tenant] [           main] .s.d.r.c.RepositoryConfigurationDelegate : Bootstrapping Spring Data Redis repositories in DEFAULT mode.
2026-07-03T16:49:56.480+08:00  INFO 29832 --- [meis-tenant] [           main] .s.d.r.c.RepositoryConfigurationDelegate : Finished Spring Data repository scanning in 5 ms. Found 0 Redis repository interfaces.
2026-07-03T16:49:56.676+08:00  WARN 29832 --- [meis-tenant] [           main] o.m.s.mapper.ClassPathMapperScanner      : No MyBatis mapper was found in '[com.meis.saas.boot]' package. Please check your configuration.
2026-07-03T16:49:56.840+08:00  INFO 29832 --- [meis-tenant] [           main] o.s.cloud.context.scope.GenericScope     : BeanFactory id=f3e0cda5-2d6b-3b67-ae29-1129729c4061
2026-07-03T16:49:58.175+08:00  INFO 29832 --- [meis-tenant] [           main] o.s.b.w.embedded.tomcat.TomcatWebServer  : Tomcat initialized with port 8082 (http)
2026-07-03T16:49:58.205+08:00  INFO 29832 --- [meis-tenant] [           main] o.apache.catalina.core.StandardService   : Starting service [Tomcat]
2026-07-03T16:49:58.206+08:00  INFO 29832 --- [meis-tenant] [           main] o.apache.catalina.core.StandardEngine    : Starting Servlet engine: [Apache Tomcat/10.1.20]
2026-07-03T16:49:58.303+08:00  INFO 29832 --- [meis-tenant] [           main] o.a.c.c.C.[Tomcat].[localhost].[/]       : Initializing Spring embedded WebApplicationContext
2026-07-03T16:49:58.305+08:00  INFO 29832 --- [meis-tenant] [           main] w.s.c.ServletWebServerApplicationContext : Root WebApplicationContext: initialization completed in 4413 ms
 _ _   |_  _ _|_. ___ _ |    _ 
| | |\/|_)(_| | |_\  |_)||_|_\ 
     /               |         
                        3.5.5 
2026-07-03T16:50:01.905+08:00  INFO 29832 --- [meis-tenant] [           main] o.s.b.a.e.web.EndpointLinksResolver      : Exposing 2 endpoint(s) beneath base path '/actuator'
2026-07-03T16:50:02.070+08:00  INFO 29832 --- [meis-tenant] [           main] o.s.b.w.embedded.tomcat.TomcatWebServer  : Tomcat started on port 8082 (http) with context path ''
2026-07-03T16:50:02.226+08:00  INFO 29832 --- [meis-tenant] [           main] c.meis.saas.boot.MeisTenantApplication   : Started MeisTenantApplication in 9.872 seconds (process running for 10.658)
2026-07-03T16:50:02.584+08:00  INFO 29832 --- [meis-tenant] [           main] com.zaxxer.hikari.HikariDataSource       : HikariPool-1 - Starting...
2026-07-03T16:50:03.127+08:00  INFO 29832 --- [meis-tenant] [           main] com.zaxxer.hikari.pool.HikariPool        : HikariPool-1 - Added connection org.postgresql.jdbc.PgConnection@6e96f3cd
2026-07-03T16:50:03.134+08:00  INFO 29832 --- [meis-tenant] [           main] com.zaxxer.hikari.HikariDataSource       : HikariPool-1 - Start completed.
2026-07-03T16:50:03.197+08:00  INFO 29832 --- [meis-tenant] [           main] org.flywaydb.core.FlywayExecutor         : Database: jdbc:postgresql://localhost:5432/meis (PostgreSQL 15.18)
2026-07-03T16:50:03.266+08:00  INFO 29832 --- [meis-tenant] [           main] o.f.c.i.s.JdbcTableSchemaHistory         : Schema history table "public"."flyway_schema_history" does not exist yet
2026-07-03T16:50:03.274+08:00  INFO 29832 --- [meis-tenant] [           main] o.f.core.internal.command.DbValidate     : Successfully validated 3 migrations (execution time 00:00.037s)
2026-07-03T16:50:03.296+08:00  INFO 29832 --- [meis-tenant] [           main] o.f.c.i.s.JdbcTableSchemaHistory         : Creating Schema History table "public"."flyway_schema_history" ...
2026-07-03T16:50:03.400+08:00  INFO 29832 --- [meis-tenant] [           main] o.f.core.internal.command.DbMigrate      : Current version of schema "public": << Empty Schema >>
2026-07-03T16:50:03.413+08:00  INFO 29832 --- [meis-tenant] [           main] o.f.core.internal.command.DbMigrate      : Migrating schema "public" to version "1 - platform"
2026-07-03T16:50:03.537+08:00  INFO 29832 --- [meis-tenant] [           main] o.f.core.internal.command.DbMigrate      : Migrating schema "public" to version "2 - platform menu"
2026-07-03T16:50:03.889+08:00  INFO 29832 --- [meis-tenant] [           main] o.f.core.internal.command.DbMigrate      : Migrating schema "public" to version "3 - platform admin menu"
2026-07-03T16:50:03.913+08:00  INFO 29832 --- [meis-tenant] [           main] o.f.core.internal.command.DbMigrate      : Successfully applied 3 migrations to schema "public", now at version v3 (execution time 00:00.442s)
2026-07-03T16:50:03.916+08:00  INFO 29832 --- [meis-tenant] [           main] c.m.s.common.flyway.TenantFlywayService  : Migrated schema public
2026-07-03T16:50:03.918+08:00  INFO 29832 --- [meis-tenant] [           main] c.m.s.tenant.config.TenantStartupRunner  : Public schema migrated
2026-07-03T16:50:04.042+08:00  INFO 29832 --- [meis-tenant] [           main] org.flywaydb.core.FlywayExecutor         : Database: jdbc:postgresql://localhost:5432/meis (PostgreSQL 15.18)
2026-07-03T16:50:04.052+08:00  INFO 29832 --- [meis-tenant] [           main] o.f.c.i.s.JdbcTableSchemaHistory         : Schema history table "tenant_demo"."flyway_schema_history" does not exist yet
2026-07-03T16:50:04.054+08:00  INFO 29832 --- [meis-tenant] [           main] o.f.core.internal.command.DbValidate     : Successfully validated 6 migrations (execution time 00:00.007s)
2026-07-03T16:50:04.065+08:00  INFO 29832 --- [meis-tenant] [           main] o.f.c.i.s.JdbcTableSchemaHistory         : Creating Schema History table "tenant_demo"."flyway_schema_history" ...
2026-07-03T16:50:04.094+08:00  INFO 29832 --- [meis-tenant] [           main] o.f.core.internal.command.DbMigrate      : Current version of schema "tenant_demo": << Empty Schema >>
2026-07-03T16:50:04.132+08:00  INFO 29832 --- [meis-tenant] [           main] o.f.core.internal.command.DbMigrate      : Migrating schema "tenant_demo" to version "1 - meis core"
2026-07-03T16:50:04.142+08:00  WARN 29832 --- [meis-tenant] [           main] o.f.c.i.s.DefaultSqlScriptExecutor       : DB: Ŕ©Őą "uuid-ossp" ŇŃľ­´ćÔÚ,Ěřąý (SQL State: 42710 - Error Code: 0)
2026-07-03T16:50:04.144+08:00  WARN 29832 --- [meis-tenant] [           main] o.f.c.i.s.DefaultSqlScriptExecutor       : DB: Ŕ©Őą "pgcrypto" ŇŃľ­´ćÔÚ,Ěřąý (SQL State: 42710 - Error Code: 0)
2026-07-03T16:50:05.146+08:00  INFO 29832 --- [meis-tenant] [           main] o.f.core.internal.command.DbMigrate      : Migrating schema "tenant_demo" to version "2 - seed demo"
2026-07-03T16:50:05.179+08:00  INFO 29832 --- [meis-tenant] [           main] o.f.core.internal.command.DbMigrate      : Migrating schema "tenant_demo" to version "3 - notification"
2026-07-03T16:50:05.208+08:00  INFO 29832 --- [meis-tenant] [           main] o.f.core.internal.command.DbMigrate      : Migrating schema "tenant_demo" to version "4 - v2 extensions"
2026-07-03T16:50:05.334+08:00  WARN 29832 --- [meis-tenant] [           main] o.f.c.i.s.DefaultSqlScriptExecutor       : DB: ąŘĎµ "sys_notification" ŇŃľ­´ćÔÚ, Ěřąý (SQL State: 42P07 - Error Code: 0)
2026-07-03T16:50:05.412+08:00  INFO 29832 --- [meis-tenant] [           main] o.f.core.internal.command.DbMigrate      : Migrating schema "tenant_demo" to version "5 - v2 deepening"
2026-07-03T16:50:05.439+08:00  INFO 29832 --- [meis-tenant] [           main] o.f.core.internal.command.DbMigrate      : Migrating schema "tenant_demo" to version "6 - system rbac"
2026-07-03T16:50:05.482+08:00  INFO 29832 --- [meis-tenant] [           main] o.f.core.internal.command.DbMigrate      : Successfully applied 6 migrations to schema "tenant_demo", now at version v6 (execution time 00:01.300s)
2026-07-03T16:50:05.483+08:00  INFO 29832 --- [meis-tenant] [           main] c.m.s.common.flyway.TenantFlywayService  : Migrated schema tenant_demo
2026-07-03T16:50:05.554+08:00  INFO 29832 --- [meis-tenant] [           main] c.m.s.tenant.config.TenantStartupRunner  : Tenant schema ready: demo (tenant_demo)
2026-07-03T16:51:19.667+08:00  INFO 29832 --- [meis-tenant] [nio-8082-exec-1] o.a.c.c.C.[Tomcat].[localhost].[/]       : Initializing Spring DispatcherServlet 'dispatcherServlet'
2026-07-03T16:51:19.669+08:00  INFO 29832 --- [meis-tenant] [nio-8082-exec-1] o.s.web.servlet.DispatcherServlet        : Initializing Servlet 'dispatcherServlet'
2026-07-03T16:51:19.673+08:00  INFO 29832 --- [meis-tenant] [nio-8082-exec-1] o.s.web.servlet.DispatcherServlet        : Completed initialization in 3 ms
