
  .   ____          _            __ _ _
 /\\ / ___'_ __ _ _(_)_ __  __ _ \ \ \ \
( ( )\___ | '_ | '_| | '_ \/ _` | \ \ \ \
 \\/  ___)| |_)| | | | | || (_| |  ) ) ) )
  '  |____| .__|_| |_|_| |_\__, | / / / /
 =========|_|==============|___/=/_/_/_/
 :: Spring Boot ::                (v3.2.5)

2026-07-02T10:36:19.504+08:00  INFO 30468 --- [meis-repair] [           main] c.meis.saas.boot.MeisRepairApplication   : Starting MeisRepairApplication using Java 17.0.12 with PID 30468 (E:\workspace\sb\meis-repair\target\meis-repair-1.0.0-SNAPSHOT.jar started by Administrator in E:\workspace\sb)
2026-07-02T10:36:19.508+08:00  INFO 30468 --- [meis-repair] [           main] c.meis.saas.boot.MeisRepairApplication   : The following 1 profile is active: "dev"
2026-07-02T10:36:22.964+08:00  INFO 30468 --- [meis-repair] [           main] .s.d.r.c.RepositoryConfigurationDelegate : Multiple Spring Data modules found, entering strict repository configuration mode
2026-07-02T10:36:22.967+08:00  INFO 30468 --- [meis-repair] [           main] .s.d.r.c.RepositoryConfigurationDelegate : Bootstrapping Spring Data Redis repositories in DEFAULT mode.
2026-07-02T10:36:23.256+08:00  INFO 30468 --- [meis-repair] [           main] .s.d.r.c.RepositoryConfigurationDelegate : Finished Spring Data repository scanning in 21 ms. Found 0 Redis repository interfaces.
2026-07-02T10:36:23.493+08:00  WARN 30468 --- [meis-repair] [           main] o.m.s.mapper.ClassPathMapperScanner      : No MyBatis mapper was found in '[com.meis.saas.boot]' package. Please check your configuration.
2026-07-02T10:36:23.637+08:00  INFO 30468 --- [meis-repair] [           main] o.s.cloud.context.scope.GenericScope     : BeanFactory id=b49e83c0-1fb4-3c9f-b93e-c00b830ec5ed
2026-07-02T10:36:27.625+08:00  INFO 30468 --- [meis-repair] [           main] o.s.b.w.embedded.tomcat.TomcatWebServer  : Tomcat initialized with port 8086 (http)
2026-07-02T10:36:27.644+08:00  INFO 30468 --- [meis-repair] [           main] o.apache.catalina.core.StandardService   : Starting service [Tomcat]
2026-07-02T10:36:27.644+08:00  INFO 30468 --- [meis-repair] [           main] o.apache.catalina.core.StandardEngine    : Starting Servlet engine: [Apache Tomcat/10.1.20]
2026-07-02T10:36:27.753+08:00  INFO 30468 --- [meis-repair] [           main] o.a.c.c.C.[Tomcat].[localhost].[/]       : Initializing Spring embedded WebApplicationContext
2026-07-02T10:36:27.757+08:00  INFO 30468 --- [meis-repair] [           main] w.s.c.ServletWebServerApplicationContext : Root WebApplicationContext: initialization completed in 8146 ms
 _ _   |_  _ _|_. ___ _ |    _ 
| | |\/|_)(_| | |_\  |_)||_|_\ 
     /               |         
                        3.5.5 
2026-07-02T10:36:41.475+08:00  INFO 30468 --- [meis-repair] [           main] o.s.b.a.e.web.EndpointLinksResolver      : Exposing 2 endpoint(s) beneath base path '/actuator'
2026-07-02T10:36:42.444+08:00  INFO 30468 --- [meis-repair] [           main] o.s.b.w.embedded.tomcat.TomcatWebServer  : Tomcat started on port 8086 (http) with context path ''
2026-07-02T10:36:43.949+08:00  INFO 30468 --- [meis-repair] [           main] c.meis.saas.boot.MeisRepairApplication   : Started MeisRepairApplication in 26.141 seconds (process running for 27.334)
