
  .   ____          _            __ _ _
 /\\ / ___'_ __ _ _(_)_ __  __ _ \ \ \ \
( ( )\___ | '_ | '_| | '_ \/ _` | \ \ \ \
 \\/  ___)| |_)| | | | | || (_| |  ) ) ) )
  '  |____| .__|_| |_|_| |_\__, | / / / /
 =========|_|==============|___/=/_/_/_/
 :: Spring Boot ::                (v3.2.5)

2026-07-03T15:51:33.687+08:00  INFO 29944 --- [meis-asset] [           main] c.meis.saas.boot.MeisAssetApplication    : Starting MeisAssetApplication using Java 17.0.18 with PID 29944 (E:\workspace\sb\meis-asset\target\meis-asset-1.0.0-SNAPSHOT.jar started by Administrator in E:\workspace\sb)
2026-07-03T15:51:33.704+08:00  INFO 29944 --- [meis-asset] [           main] c.meis.saas.boot.MeisAssetApplication    : The following 1 profile is active: "dev"
2026-07-03T15:51:41.849+08:00  INFO 29944 --- [meis-asset] [           main] .s.d.r.c.RepositoryConfigurationDelegate : Multiple Spring Data modules found, entering strict repository configuration mode
2026-07-03T15:51:41.859+08:00  INFO 29944 --- [meis-asset] [           main] .s.d.r.c.RepositoryConfigurationDelegate : Bootstrapping Spring Data Redis repositories in DEFAULT mode.
2026-07-03T15:51:41.910+08:00  INFO 29944 --- [meis-asset] [           main] .s.d.r.c.RepositoryConfigurationDelegate : Finished Spring Data repository scanning in 9 ms. Found 0 Redis repository interfaces.
2026-07-03T15:51:45.971+08:00  WARN 29944 --- [meis-asset] [           main] o.m.s.mapper.ClassPathMapperScanner      : No MyBatis mapper was found in '[com.meis.saas.boot]' package. Please check your configuration.
2026-07-03T15:51:46.556+08:00  INFO 29944 --- [meis-asset] [           main] o.s.cloud.context.scope.GenericScope     : BeanFactory id=5f772134-2d98-30bd-bb90-a83e38c0e36c
2026-07-03T15:52:01.468+08:00  INFO 29944 --- [meis-asset] [           main] o.s.b.w.embedded.tomcat.TomcatWebServer  : Tomcat initialized with port 8085 (http)
2026-07-03T15:52:03.471+08:00  INFO 29944 --- [meis-asset] [           main] o.apache.catalina.core.StandardService   : Starting service [Tomcat]
2026-07-03T15:52:03.473+08:00  INFO 29944 --- [meis-asset] [           main] o.apache.catalina.core.StandardEngine    : Starting Servlet engine: [Apache Tomcat/10.1.20]
2026-07-03T15:52:06.332+08:00  INFO 29944 --- [meis-asset] [           main] o.a.c.c.C.[Tomcat].[localhost].[/]       : Initializing Spring embedded WebApplicationContext
2026-07-03T15:52:06.354+08:00  INFO 29944 --- [meis-asset] [           main] w.s.c.ServletWebServerApplicationContext : Root WebApplicationContext: initialization completed in 32506 ms
 _ _   |_  _ _|_. ___ _ |    _ 
| | |\/|_)(_| | |_\  |_)||_|_\ 
     /               |         
                        3.5.5 
2026-07-03T15:52:19.058+08:00  INFO 29944 --- [meis-asset] [           main] o.s.b.a.e.web.EndpointLinksResolver      : Exposing 2 endpoint(s) beneath base path '/actuator'
2026-07-03T15:52:21.871+08:00  INFO 29944 --- [meis-asset] [           main] o.s.b.w.embedded.tomcat.TomcatWebServer  : Tomcat started on port 8085 (http) with context path ''
2026-07-03T15:52:24.717+08:00  INFO 29944 --- [meis-asset] [           main] c.meis.saas.boot.MeisAssetApplication    : Started MeisAssetApplication in 54.106 seconds (process running for 55.176)
2026-07-03T17:45:14.222+08:00  INFO 29944 --- [meis-asset] [nio-8085-exec-3] o.a.c.c.C.[Tomcat].[localhost].[/]       : Initializing Spring DispatcherServlet 'dispatcherServlet'
2026-07-03T17:45:14.225+08:00  INFO 29944 --- [meis-asset] [nio-8085-exec-3] o.s.web.servlet.DispatcherServlet        : Initializing Servlet 'dispatcherServlet'
2026-07-03T17:45:14.250+08:00  INFO 29944 --- [meis-asset] [nio-8085-exec-3] o.s.web.servlet.DispatcherServlet        : Completed initialization in 25 ms
2026-07-03T17:45:14.501+08:00  INFO 29944 --- [meis-asset] [nio-8085-exec-3] com.zaxxer.hikari.HikariDataSource       : HikariPool-1 - Starting...
2026-07-03T17:45:14.829+08:00  INFO 29944 --- [meis-asset] [nio-8085-exec-3] com.zaxxer.hikari.pool.HikariPool        : HikariPool-1 - Added connection org.postgresql.jdbc.PgConnection@28a3357c
2026-07-03T17:45:14.835+08:00  INFO 29944 --- [meis-asset] [nio-8085-exec-3] com.zaxxer.hikari.HikariDataSource       : HikariPool-1 - Start completed.
